#
# There is insufficient memory for the Java Runtime Environment to continue.
# Native memory allocation (mmap) failed to map 130023424 bytes for Failed to commit area from 0x0000000084400000 to 0x000000008c000000 of length 130023424.
# Possible reasons:
#   The system is out of physical RAM or swap space
#   The process is running with CompressedOops enabled, and the Java Heap may be blocking the growth of the native heap
# Possible solutions:
#   Reduce memory load on the system
#   Increase physical memory or swap space
#   Check if swap backing store is full
#   Decrease Java heap size (-Xmx/-Xms)
#   Decrease number of Java threads
#   Decrease Java thread stack sizes (-Xss)
#   Set larger code cache with -XX:ReservedCodeCacheSize=
# This output file may be truncated or incomplete.
#
#  Out of Memory Error (./src/hotspot/os/windows/os_windows.cpp:3387), pid=25020, tid=11780
#
# JRE version:  (11.0.14.1+1) (build )
# Java VM: OpenJDK 64-Bit Server VM (11.0.14.1+1, mixed mode, sharing, tiered, compressed oops, g1 gc, windows-amd64)
# No core dump will be written. Minidumps are not enabled by default on client versions of Windows
#

---------------  S U M M A R Y ------------

Command Line: -Dfile.encoding=UTF-8 

Host: 12th Gen Intel(R) Core(TM) i5-1235U, 12 cores, 7G,  Windows 10 , 64 bit Build 19041 (10.0.19041.3636)
Time: Tue Jun 18 23:05:18 2024 RTZ 2 (зима) elapsed time: 0.009120 seconds (0d 0h 0m 0s)

---------------  T H R E A D  ---------------

Current thread (0x0000021d680a2800):  JavaThread "Unknown thread" [_thread_in_vm, id=11780, stack(0x0000002f90c00000,0x0000002f90d00000)]

Stack: [0x0000002f90c00000,0x0000002f90d00000]
Native frames: (J=compiled Java code, j=interpreted, Vv=VM code, C=native code)
V  [jvm.dll+0x61e59a]
V  [jvm.dll+0x7aaca9]
V  [jvm.dll+0x7ac398]
V  [jvm.dll+0x7aca73]
V  [jvm.dll+0x24f9b8]
V  [jvm.dll+0x61b83a]
V  [jvm.dll+0x6100c5]
V  [jvm.dll+0x30772c]
V  [jvm.dll+0x3075b2]
V  [jvm.dll+0x30c2d6]
V  [jvm.dll+0x35272f]
V  [jvm.dll+0x352160]
V  [jvm.dll+0x2e4728]
V  [jvm.dll+0x2e5886]
V  [jvm.dll+0x784b07]
V  [jvm.dll+0x78628f]
V  [jvm.dll+0x35f479]
V  [jvm.dll+0x767aa0]
V  [jvm.dll+0x3ccf1f]
V  [jvm.dll+0x3cf2b1]
C  [jli.dll+0x5207]
C  [ucrtbase.dll+0x21bb2]
C  [KERNEL32.DLL+0x17344]
C  [ntdll.dll+0x4cc91]


---------------  P R O C E S S  ---------------

Threads class SMR info:
_java_thread_list=0x0000021d65f93f00, length=0, elements={
}

Java Threads: ( => current thread )

Other Threads:
  0x0000021d680ba000 GCTaskThread "GC Thread#0" [stack: 0x0000002f90d00000,0x0000002f90e00000] [id=23464]
  0x0000021d680ec800 ConcurrentGCThread "G1 Main Marker" [stack: 0x0000002f90e00000,0x0000002f90f00000] [id=23372]
  0x0000021d680ee000 ConcurrentGCThread "G1 Conc#0" [stack: 0x0000002f90f00000,0x0000002f91000000] [id=29976]

[error occurred during error reporting (printing all threads), id 0xc0000005, EXCEPTION_ACCESS_VIOLATION (0xc0000005) at pc=0x00007ff9a5663ef7]

VM state:not at safepoint (not fully initialized)

VM Mutex/Monitor currently owned by a thread:  ([mutex/lock_event])
[0x0000021d6809fe60] Heap_lock - owner thread: 0x0000021d680a2800

Heap address: 0x0000000084400000, size: 1980 MB, Compressed Oops mode: Non-zero based: 0x0000000084400000
Narrow klass base: 0x0000000000000000, Narrow klass shift: 0

GC Heap History (0 events):
No events

Deoptimization events (0 events):
No events

Classes redefined (0 events):
No events

Internal exceptions (0 events):
No events

Events (1 events):
Event: 0.005 Loaded shared library D:\UnityInstalls\2022.2.17f1-x86_64\Editor\Data\PlaybackEngines\AndroidPlayer\OpenJDK\bin\zip.dll


Dynamic libraries:
0x00007ff6efab0000 - 0x00007ff6efabd000 	D:\UnityInstalls\2022.2.17f1-x86_64\Editor\Data\PlaybackEngines\AndroidPlayer\OpenJDK\bin\java.exe
0x00007ffa43a90000 - 0x00007ffa43c88000 	C:\Windows\SYSTEM32\ntdll.dll
0x00007ffa41b60000 - 0x00007ffa41c1d000 	C:\Windows\System32\KERNEL32.DLL
0x00007ffa416c0000 - 0x00007ffa419b6000 	C:\Windows\System32\KERNELBASE.dll
0x00007ffa411f0000 - 0x00007ffa412f0000 	C:\Windows\System32\ucrtbase.dll
0x00007ffa39bd0000 - 0x00007ffa39be7000 	D:\UnityInstalls\2022.2.17f1-x86_64\Editor\Data\PlaybackEngines\AndroidPlayer\OpenJDK\bin\jli.dll
0x00007ffa1fce0000 - 0x00007ffa1fcf5000 	D:\UnityInstalls\2022.2.17f1-x86_64\Editor\Data\PlaybackEngines\AndroidPlayer\OpenJDK\bin\VCRUNTIME140.dll
0x00007ffa424a0000 - 0x00007ffa4263f000 	C:\Windows\System32\USER32.dll
0x00007ffa41690000 - 0x00007ffa416b2000 	C:\Windows\System32\win32u.dll
0x00007ffa1a990000 - 0x00007ffa1ac2a000 	C:\Windows\WinSxS\amd64_microsoft.windows.common-controls_6595b64144ccf1df_6.0.19041.4355_none_60b8b9eb71f62e16\COMCTL32.dll
0x00007ffa42470000 - 0x00007ffa4249b000 	C:\Windows\System32\GDI32.dll
0x00007ffa41360000 - 0x00007ffa41477000 	C:\Windows\System32\gdi32full.dll
0x00007ffa41150000 - 0x00007ffa411ed000 	C:\Windows\System32\msvcp_win.dll
0x00007ffa43430000 - 0x00007ffa434ce000 	C:\Windows\System32\msvcrt.dll
0x00007ffa41b30000 - 0x00007ffa41b5f000 	C:\Windows\System32\IMM32.DLL
0x00007ff9fb120000 - 0x00007ff9fb1bb000 	D:\UnityInstalls\2022.2.17f1-x86_64\Editor\Data\PlaybackEngines\AndroidPlayer\OpenJDK\bin\msvcp140.dll
0x00007ff9a5370000 - 0x00007ff9a5ef1000 	D:\UnityInstalls\2022.2.17f1-x86_64\Editor\Data\PlaybackEngines\AndroidPlayer\OpenJDK\bin\server\jvm.dll
0x00007ffa42ef0000 - 0x00007ffa42fa0000 	C:\Windows\System32\ADVAPI32.dll
0x00007ffa434d0000 - 0x00007ffa43570000 	C:\Windows\System32\sechost.dll
0x00007ffa42640000 - 0x00007ffa42763000 	C:\Windows\System32\RPCRT4.dll
0x00007ffa41aa0000 - 0x00007ffa41ac7000 	C:\Windows\System32\bcrypt.dll
0x00007ffa42460000 - 0x00007ffa42468000 	C:\Windows\System32\PSAPI.DLL
0x00007ffa2f470000 - 0x00007ffa2f497000 	C:\Windows\SYSTEM32\WINMM.dll
0x00007ffa33e30000 - 0x00007ffa33e3a000 	C:\Windows\SYSTEM32\VERSION.dll
0x00007ffa03740000 - 0x00007ffa03749000 	C:\Windows\SYSTEM32\WSOCK32.dll
0x00007ffa433c0000 - 0x00007ffa4342b000 	C:\Windows\System32\WS2_32.dll
0x00007ffa3f960000 - 0x00007ffa3f972000 	C:\Windows\SYSTEM32\kernel.appcore.dll
0x00007ffa36d50000 - 0x00007ffa36d60000 	D:\UnityInstalls\2022.2.17f1-x86_64\Editor\Data\PlaybackEngines\AndroidPlayer\OpenJDK\bin\verify.dll
0x00007ffa3ed70000 - 0x00007ffa3ef54000 	C:\Windows\SYSTEM32\DBGHELP.DLL
0x00007ffa356a0000 - 0x00007ffa356d4000 	C:\Windows\SYSTEM32\dbgcore.DLL
0x00007ffa41a10000 - 0x00007ffa41a92000 	C:\Windows\System32\bcryptPrimitives.dll
0x00007ffa1afb0000 - 0x00007ffa1afd8000 	D:\UnityInstalls\2022.2.17f1-x86_64\Editor\Data\PlaybackEngines\AndroidPlayer\OpenJDK\bin\java.dll
0x00007ffa355b0000 - 0x00007ffa355ba000 	D:\UnityInstalls\2022.2.17f1-x86_64\Editor\Data\PlaybackEngines\AndroidPlayer\OpenJDK\bin\jimage.dll
0x00007ffa165f0000 - 0x00007ffa16608000 	D:\UnityInstalls\2022.2.17f1-x86_64\Editor\Data\PlaybackEngines\AndroidPlayer\OpenJDK\bin\zip.dll

dbghelp: loaded successfully - version: 4.0.5 - missing functions: none
symbol engine: initialized successfully - sym options: 0x614 - pdb path: .;D:\UnityInstalls\2022.2.17f1-x86_64\Editor\Data\PlaybackEngines\AndroidPlayer\OpenJDK\bin;C:\Windows\SYSTEM32;C:\Windows\WinSxS\amd64_microsoft.windows.common-controls_6595b64144ccf1df_6.0.19041.4355_none_60b8b9eb71f62e16;D:\UnityInstalls\2022.2.17f1-x86_64\Editor\Data\PlaybackEngines\AndroidPlayer\OpenJDK\bin\server

VM Arguments:
jvm_args: -Dfile.encoding=UTF-8 
java_command: <unknown>
java_class_path (initial): <not set>
Launcher Type: SUN_STANDARD

[Global flags]
     intx CICompilerCount                          = 4                                         {product} {ergonomic}
     uint ConcGCThreads                            = 3                                         {product} {ergonomic}
     uint G1ConcRefinementThreads                  = 10                                        {product} {ergonomic}
   size_t G1HeapRegionSize                         = 1048576                                   {product} {ergonomic}
    uintx GCDrainStackTargetSize                   = 64                                        {product} {ergonomic}
   size_t InitialHeapSize                          = 130023424                                 {product} {ergonomic}
   size_t MarkStackSize                            = 4194304                                   {product} {ergonomic}
   size_t MaxHeapSize                              = 2076180480                                {product} {ergonomic}
   size_t MinHeapDeltaBytes                        = 1048576                                   {product} {ergonomic}
    uintx NonNMethodCodeHeapSize                   = 5836300                                {pd product} {ergonomic}
    uintx NonProfiledCodeHeapSize                  = 122910970                              {pd product} {ergonomic}
    uintx ProfiledCodeHeapSize                     = 122910970                              {pd product} {ergonomic}
    uintx ReservedCodeCacheSize                    = 251658240                              {pd product} {ergonomic}
     bool SegmentedCodeCache                       = true                                      {product} {ergonomic}
     bool UseCompressedClassPointers               = true                                 {lp64_product} {ergonomic}
     bool UseCompressedOops                        = true                                 {lp64_product} {ergonomic}
     bool UseG1GC                                  = true                                      {product} {ergonomic}
     bool UseLargePagesIndividualAllocation        = false                                  {pd product} {ergonomic}

Logging:
Log output configuration:
 #0: stdout all=warning uptime,level,tags
 #1: stderr all=off uptime,level,tags

Environment Variables:
JAVA_HOME=D:\UnityInstalls\2022.2.17f1-x86_64\Editor\Data\PlaybackEngines\AndroidPlayer\OpenJDK
JAVA_TOOL_OPTIONS=-Dfile.encoding=UTF-8
PATH=C:\Windows\system32;C:\Windows;C:\Windows\System32\Wbem;C:\Windows\System32\WindowsPowerShell\v1.0\;C:\Windows\System32\OpenSSH\;C:\Program Files\dotnet\;C:\Program Files\Git\cmd;C:\Users\GlebLenovo\AppData\Local\Microsoft\WindowsApps;C:\Users\GlebLenovo\AppData\Local\Programs\Microsoft VS Code\bin;C:\Users\GlebLenovo\.dotnet\tools;C:\Users\gleb\AppData\Local\GitHubDesktop\bin
USERNAME=GlebLenovo
OS=Windows_NT
PROCESSOR_IDENTIFIER=Intel64 Family 6 Model 154 Stepping 4, GenuineIntel



---------------  S Y S T E M  ---------------

OS: Windows 10 , 64 bit Build 19041 (10.0.19041.3636)
OS uptime: 5 days 20:45 hours

CPU:total 12 (initial active 12) (6 cores per cpu, 2 threads per core) family 6 model 154 stepping 4 microcode 0x416, cmov, cx8, fxsr, mmx, sse, sse2, sse3, ssse3, sse4.1, sse4.2, popcnt, avx, avx2, aes, clmul, erms, 3dnowpref, lzcnt, ht, tsc, tscinvbit, bmi1, bmi2, adx, sha, fma

Memory: 4k page, system-wide physical 7916M (465M free)
TotalPageFile size 20334M (AvailPageFile size 66M)
current process WorkingSet (physical memory assigned to process): 10M, peak: 10M
current process commit charge ("private bytes"): 64M, peak: 188M

vm_info: OpenJDK 64-Bit Server VM (11.0.14.1+1) for windows-amd64 JRE (11.0.14.1+1), built on Feb  9 2022 01:48:27 by "" with unknown MS VC++:1916

END.
